<?xml version="1.0" encoding="UTF-8"?>
<!-- Generated by org.testng.reporters.JUnitXMLReporter -->
<testsuite ignored="0" hostname="DESKTOP-V62BBK2" failures="0" tests="3" name="Default test" time="16.024" errors="0" timestamp="02 Mar 2023 05:48:42 GMT">
  <testcase classname="Test.ProperTestNG" name="handleIframe" time="1.845"/>
  <testcase classname="Test.ProperTestNG" name="iframe2" time="9.32"/>
  <testcase classname="Test.ProperTestNG" name="inneriframe" time="3.487"/>
</testsuite> <!-- Default test -->
