<?xml version="1.0" encoding="UTF-8"?>
<testng-results ignored="0" total="3" passed="3" failed="0" skipped="0">
  <reporter-output>
  </reporter-output>
  <suite started-at="2023-03-02T05:48:26Z" name="Default suite" finished-at="2023-03-02T05:48:42Z" duration-ms="16024">
    <groups>
    </groups>
    <test started-at="2023-03-02T05:48:26Z" name="Default test" finished-at="2023-03-02T05:48:42Z" duration-ms="16024">
      <class name="Test.ProperTestNG">
        <test-method is-config="true" signature="setup()[pri:0, instance:Test.ProperTestNG@72cc7e6f]" started-at="2023-03-02T05:48:26Z" name="setup" finished-at="2023-03-02T05:48:27Z" duration-ms="1081" status="PASS">
          <reporter-output>
          </reporter-output>
        </test-method> <!-- setup -->
        <test-method signature="handleIframe()[pri:0, instance:Test.ProperTestNG@72cc7e6f]" started-at="2023-03-02T05:48:27Z" name="handleIframe" finished-at="2023-03-02T05:48:29Z" duration-ms="1845" status="PASS">
          <reporter-output>
          </reporter-output>
        </test-method> <!-- handleIframe -->
        <test-method signature="iframe2()[pri:0, instance:Test.ProperTestNG@72cc7e6f]" started-at="2023-03-02T05:48:29Z" name="iframe2" finished-at="2023-03-02T05:48:38Z" duration-ms="9320" status="PASS">
          <reporter-output>
          </reporter-output>
        </test-method> <!-- iframe2 -->
        <test-method signature="inneriframe()[pri:0, instance:Test.ProperTestNG@72cc7e6f]" started-at="2023-03-02T05:48:38Z" name="inneriframe" finished-at="2023-03-02T05:48:41Z" duration-ms="3487" status="PASS">
          <reporter-output>
          </reporter-output>
        </test-method> <!-- inneriframe -->
        <test-method is-config="true" signature="tearDown()[pri:0, instance:Test.ProperTestNG@72cc7e6f]" started-at="2023-03-02T05:48:41Z" name="tearDown" finished-at="2023-03-02T05:48:42Z" duration-ms="263" status="PASS">
          <reporter-output>
          </reporter-output>
        </test-method> <!-- tearDown -->
      </class> <!-- Test.ProperTestNG -->
    </test> <!-- Default test -->
  </suite> <!-- Default suite -->
</testng-results>
