<?xml version="1.0" encoding="UTF-8"?>
<testng-results ignored="0" total="3" passed="3" failed="0" skipped="0">
  <reporter-output>
  </reporter-output>
  <suite started-at="2023-03-02T12:50:59 IST" name="Suite" finished-at="2023-03-02T12:51:27 IST" duration-ms="28100">
    <groups>
    </groups>
    <test started-at="2023-03-02T12:50:59 IST" name="Test" finished-at="2023-03-02T12:51:27 IST" duration-ms="28100">
      <class name="Test.ProperTestNG">
        <test-method is-config="true" signature="setup()[pri:0, instance:Test.ProperTestNG@68999068]" started-at="2023-03-02T12:50:59 IST" name="setup" finished-at="2023-03-02T12:51:02 IST" duration-ms="2801" status="PASS">
          <reporter-output>
          </reporter-output>
        </test-method> <!-- setup -->
        <test-method signature="handleIframe()[pri:0, instance:Test.ProperTestNG@68999068]" started-at="2023-03-02T12:51:02 IST" name="handleIframe" finished-at="2023-03-02T12:51:07 IST" duration-ms="5154" status="PASS">
          <reporter-output>
          </reporter-output>
        </test-method> <!-- handleIframe -->
        <test-method signature="iframe2()[pri:0, instance:Test.ProperTestNG@68999068]" started-at="2023-03-02T12:51:07 IST" name="iframe2" finished-at="2023-03-02T12:51:25 IST" duration-ms="18042" status="PASS">
          <reporter-output>
          </reporter-output>
        </test-method> <!-- iframe2 -->
        <test-method signature="inneriframe()[pri:0, instance:Test.ProperTestNG@68999068]" started-at="2023-03-02T12:51:25 IST" name="inneriframe" finished-at="2023-03-02T12:51:27 IST" duration-ms="1763" status="PASS">
          <reporter-output>
          </reporter-output>
        </test-method> <!-- inneriframe -->
        <test-method is-config="true" signature="tearDown()[pri:0, instance:Test.ProperTestNG@68999068]" started-at="2023-03-02T12:51:27 IST" name="tearDown" finished-at="2023-03-02T12:51:27 IST" duration-ms="279" status="PASS">
          <reporter-output>
          </reporter-output>
        </test-method> <!-- tearDown -->
      </class> <!-- Test.ProperTestNG -->
    </test> <!-- Test -->
  </suite> <!-- Suite -->
</testng-results>
